<?xml version="1.0" encoding="UTF-8"?>
<testng-results ignored="0" total="2" passed="2" failed="0" skipped="0">
  <reporter-output>
  </reporter-output>
  <suite started-at="2024-03-12T14:21:31 IST" name="Default suite" finished-at="2024-03-12T14:22:33 IST" duration-ms="62368">
    <groups>
    </groups>
    <test started-at="2024-03-12T14:21:31 IST" name="Default test" finished-at="2024-03-12T14:22:33 IST" duration-ms="62368">
      <class name="com.bookswagon.qa.testcases.SignInPageTest">
        <test-method is-config="true" signature="setup()[pri:0, instance:com.bookswagon.qa.testcases.SignInPageTest@1e13529a]" started-at="2024-03-12T14:21:31 IST" name="setup" finished-at="2024-03-12T14:21:59 IST" duration-ms="28802" status="PASS">
          <reporter-output>
          </reporter-output>
        </test-method> <!-- setup -->
        <test-method signature="SignInMultipleTest()[pri:0, instance:com.bookswagon.qa.testcases.SignInPageTest@1e13529a]" started-at="2024-03-12T14:21:59 IST" name="SignInMultipleTest" finished-at="2024-03-12T14:22:05 IST" duration-ms="5987" status="PASS">
          <reporter-output>
          </reporter-output>
        </test-method> <!-- SignInMultipleTest -->
        <test-method is-config="true" signature="redirectingHomepage()[pri:0, instance:com.bookswagon.qa.testcases.SignInPageTest@1e13529a]" started-at="2024-03-12T14:22:06 IST" name="redirectingHomepage" finished-at="2024-03-12T14:22:06 IST" duration-ms="1" status="PASS">
          <reporter-output>
          </reporter-output>
        </test-method> <!-- redirectingHomepage -->
        <test-method is-config="true" signature="setup()[pri:0, instance:com.bookswagon.qa.testcases.SignInPageTest@1e13529a]" started-at="2024-03-12T14:22:06 IST" name="setup" finished-at="2024-03-12T14:22:28 IST" duration-ms="21869" status="PASS">
          <reporter-output>
          </reporter-output>
        </test-method> <!-- setup -->
        <test-method signature="SignInTest()[pri:0, instance:com.bookswagon.qa.testcases.SignInPageTest@1e13529a]" started-at="2024-03-12T14:22:28 IST" name="SignInTest" finished-at="2024-03-12T14:22:33 IST" duration-ms="4374" status="PASS">
          <reporter-output>
          </reporter-output>
        </test-method> <!-- SignInTest -->
        <test-method is-config="true" signature="redirectingHomepage()[pri:0, instance:com.bookswagon.qa.testcases.SignInPageTest@1e13529a]" started-at="2024-03-12T14:22:33 IST" name="redirectingHomepage" finished-at="2024-03-12T14:22:33 IST" duration-ms="0" status="PASS">
          <reporter-output>
          </reporter-output>
        </test-method> <!-- redirectingHomepage -->
      </class> <!-- com.bookswagon.qa.testcases.SignInPageTest -->
    </test> <!-- Default test -->
  </suite> <!-- Default suite -->
</testng-results>
